[2021-09-14 08:45:17,630] {taskinstance.py:670} INFO - Dependencies all met for <TaskInstance: example_python_operator.print_the_context 2021-09-14T11:44:27.602248+00:00 [queued]>
[2021-09-14 08:45:17,639] {taskinstance.py:670} INFO - Dependencies all met for <TaskInstance: example_python_operator.print_the_context 2021-09-14T11:44:27.602248+00:00 [queued]>
[2021-09-14 08:45:17,639] {taskinstance.py:880} INFO - 
--------------------------------------------------------------------------------
[2021-09-14 08:45:17,639] {taskinstance.py:881} INFO - Starting attempt 1 of 1
[2021-09-14 08:45:17,639] {taskinstance.py:882} INFO - 
--------------------------------------------------------------------------------
[2021-09-14 08:45:17,650] {taskinstance.py:901} INFO - Executing <Task(PythonOperator): print_the_context> on 2021-09-14T11:44:27.602248+00:00
[2021-09-14 08:45:17,653] {standard_task_runner.py:54} INFO - Started process 4702 to run task
[2021-09-14 08:45:17,714] {standard_task_runner.py:77} INFO - Running: ['airflow', 'run', 'example_python_operator', 'print_the_context', '2021-09-14T11:44:27.602248+00:00', '--job_id', '2', '--pool', 'default_pool', '--raw', '-sd', '/home/pedrox/datapipeline/.env/lib/python3.9/site-packages/airflow/example_dags/example_python_operator.py', '--cfg_path', '/tmp/tmpqnd6lofx']
[2021-09-14 08:45:17,714] {standard_task_runner.py:78} INFO - Job 2: Subtask print_the_context
[2021-09-14 08:45:17,735] {logging_mixin.py:112} INFO - Running <TaskInstance: example_python_operator.print_the_context 2021-09-14T11:44:27.602248+00:00 [running]> on host pedrox-ThinkPad-X250
[2021-09-14 08:45:17,752] {logging_mixin.py:112} INFO - {'END_DATE': '2021-09-14',
 'conf': <airflow.configuration.AirflowConfigParser object at 0x7f355ba1ed60>,
 'dag': <DAG: example_python_operator>,
 'dag_run': <DagRun example_python_operator @ 2021-09-14 11:44:27.602248+00:00: manual__2021-09-14T11:44:27.602248+00:00, externally triggered: True>,
 'ds_nodash': '20210914',
 'end_date': '2021-09-14',
 'execution_date': <Pendulum [2021-09-14T11:44:27.602248+00:00]>,
 'inlets': [],
 'latest_date': '2021-09-14',
 'macros': <module 'airflow.macros' from '/home/pedrox/datapipeline/.env/lib/python3.9/site-packages/airflow/macros/__init__.py'>,
 'next_ds': '2021-09-14',
 'next_ds_nodash': '20210914',
 'next_execution_date': <Pendulum [2021-09-14T11:44:27.602248+00:00]>,
 'outlets': [],
 'params': {},
 'prev_ds': '2021-09-14',
 'prev_ds_nodash': '20210914',
 'prev_execution_date': <Pendulum [2021-09-14T11:44:27.602248+00:00]>,
 'prev_execution_date_success': <Proxy at 0x7f354c88f940 with factory <function TaskInstance.get_template_context.<locals>.<lambda> at 0x7f354c888820>>,
 'prev_start_date_success': <Proxy at 0x7f354c88fe80 with factory <function TaskInstance.get_template_context.<locals>.<lambda> at 0x7f354c8949d0>>,
 'run_id': 'manual__2021-09-14T11:44:27.602248+00:00',
 'tables': None,
 'task': <Task(PythonOperator): print_the_context>,
 'task_instance': <TaskInstance: example_python_operator.print_the_context 2021-09-14T11:44:27.602248+00:00 [running]>,
 'task_instance_key_str': 'example_python_operator__print_the_context__20210914',
 'templates_dict': None,
 'test_mode': False,
 'ti': <TaskInstance: example_python_operator.print_the_context 2021-09-14T11:44:27.602248+00:00 [running]>,
 'tomorrow_ds': '2021-09-15',
 'tomorrow_ds_nodash': '20210915',
 'ts': '2021-09-14T11:44:27.602248+00:00',
 'ts_nodash': '20210914T114427',
 'ts_nodash_with_tz': '20210914T114427.602248+0000',
 'var': {'json': None, 'value': None},
 'yesterday_ds': '2021-09-13',
 'yesterday_ds_nodash': '20210913'}
[2021-09-14 08:45:17,752] {logging_mixin.py:112} INFO - 2021-09-14
[2021-09-14 08:45:17,752] {python_operator.py:114} INFO - Done. Returned value was: Whatever you return gets printed in the logs
[2021-09-14 08:45:17,767] {taskinstance.py:1057} INFO - Marking task as SUCCESS.dag_id=example_python_operator, task_id=print_the_context, execution_date=20210914T114427, start_date=20210914T114517, end_date=20210914T114517
[2021-09-14 08:45:22,623] {local_task_job.py:102} INFO - Task exited with return code 0
